2025-06-09 21:44:22,147 | INFO     | sentence_transformers.SentenceTransformer: Use pytorch device_name: cpu
2025-06-09 21:44:22,148 | INFO     | sentence_transformers.SentenceTransformer: Load pretrained SentenceTransformer: models/all-MiniLM-L6-v2
2025-06-09 21:44:22,628 | WARNING  | sentence_transformers.SentenceTransformer: No sentence-transformers model found with name models/all-MiniLM-L6-v2. Creating a new one with mean pooling.
2025-06-09 21:48:28,020 | INFO     | sentence_transformers.SentenceTransformer: Use pytorch device_name: cpu
2025-06-09 21:48:28,022 | INFO     | sentence_transformers.SentenceTransformer: Load pretrained SentenceTransformer: sentence-transformers/all-MiniLM-L6-v2
2025-06-09 21:48:34,153 | WARNING  | pdfminer.pdfpage: CropBox missing from /Page, defaulting to MediaBox
2025-06-09 21:48:34,155 | WARNING  | pdfminer.pdfpage: CropBox missing from /Page, defaulting to MediaBox
2025-06-09 21:48:34,156 | WARNING  | pdfminer.pdfpage: CropBox missing from /Page, defaulting to MediaBox
2025-06-09 21:48:34,157 | WARNING  | pdfminer.pdfpage: CropBox missing from /Page, defaulting to MediaBox
2025-06-09 21:48:34,158 | WARNING  | pdfminer.pdfpage: CropBox missing from /Page, defaulting to MediaBox
2025-06-09 21:48:34,159 | WARNING  | pdfminer.pdfpage: CropBox missing from /Page, defaulting to MediaBox
2025-06-09 21:48:34,160 | WARNING  | pdfminer.pdfpage: CropBox missing from /Page, defaulting to MediaBox
2025-06-09 21:48:34,161 | WARNING  | pdfminer.pdfpage: CropBox missing from /Page, defaulting to MediaBox
2025-06-09 21:48:34,162 | WARNING  | pdfminer.pdfpage: CropBox missing from /Page, defaulting to MediaBox
2025-06-09 21:48:34,163 | WARNING  | pdfminer.pdfpage: CropBox missing from /Page, defaulting to MediaBox
2025-06-09 21:48:34,164 | WARNING  | pdfminer.pdfpage: CropBox missing from /Page, defaulting to MediaBox
2025-06-09 21:48:34,165 | WARNING  | pdfminer.pdfpage: CropBox missing from /Page, defaulting to MediaBox
2025-06-09 21:48:34,166 | WARNING  | pdfminer.pdfpage: CropBox missing from /Page, defaulting to MediaBox
2025-06-09 21:48:34,167 | WARNING  | pdfminer.pdfpage: CropBox missing from /Page, defaulting to MediaBox
2025-06-09 21:48:34,168 | WARNING  | pdfminer.pdfpage: CropBox missing from /Page, defaulting to MediaBox
2025-06-09 21:48:34,169 | WARNING  | pdfminer.pdfpage: CropBox missing from /Page, defaulting to MediaBox
2025-06-09 21:48:34,170 | WARNING  | pdfminer.pdfpage: CropBox missing from /Page, defaulting to MediaBox
2025-06-09 21:48:34,171 | WARNING  | pdfminer.pdfpage: CropBox missing from /Page, defaulting to MediaBox
2025-06-09 21:48:34,172 | WARNING  | pdfminer.pdfpage: CropBox missing from /Page, defaulting to MediaBox
2025-06-09 21:48:34,173 | WARNING  | pdfminer.pdfpage: CropBox missing from /Page, defaulting to MediaBox
2025-06-09 21:48:34,174 | WARNING  | pdfminer.pdfpage: CropBox missing from /Page, defaulting to MediaBox
2025-06-09 21:48:34,174 | WARNING  | pdfminer.pdfpage: CropBox missing from /Page, defaulting to MediaBox
2025-06-09 21:48:34,175 | WARNING  | pdfminer.pdfpage: CropBox missing from /Page, defaulting to MediaBox
2025-06-09 21:48:34,176 | WARNING  | pdfminer.pdfpage: CropBox missing from /Page, defaulting to MediaBox
2025-06-09 21:48:34,176 | WARNING  | pdfminer.pdfpage: CropBox missing from /Page, defaulting to MediaBox
2025-06-09 21:48:34,177 | WARNING  | pdfminer.pdfpage: CropBox missing from /Page, defaulting to MediaBox
2025-06-09 21:48:34,178 | WARNING  | pdfminer.pdfpage: CropBox missing from /Page, defaulting to MediaBox
2025-06-09 21:48:34,182 | WARNING  | pdfminer.pdfpage: CropBox missing from /Page, defaulting to MediaBox
2025-06-09 21:48:34,184 | WARNING  | pdfminer.pdfpage: CropBox missing from /Page, defaulting to MediaBox
2025-06-09 21:48:34,185 | WARNING  | pdfminer.pdfpage: CropBox missing from /Page, defaulting to MediaBox
2025-06-09 21:48:34,186 | WARNING  | pdfminer.pdfpage: CropBox missing from /Page, defaulting to MediaBox
2025-06-09 21:48:34,187 | WARNING  | pdfminer.pdfpage: CropBox missing from /Page, defaulting to MediaBox
2025-06-09 21:48:34,188 | WARNING  | pdfminer.pdfpage: CropBox missing from /Page, defaulting to MediaBox
2025-06-09 21:48:34,189 | WARNING  | pdfminer.pdfpage: CropBox missing from /Page, defaulting to MediaBox
2025-06-09 21:48:34,189 | WARNING  | pdfminer.pdfpage: CropBox missing from /Page, defaulting to MediaBox
2025-06-09 21:48:34,190 | WARNING  | pdfminer.pdfpage: CropBox missing from /Page, defaulting to MediaBox
2025-06-09 21:48:34,191 | WARNING  | pdfminer.pdfpage: CropBox missing from /Page, defaulting to MediaBox
2025-06-09 21:48:34,192 | WARNING  | pdfminer.pdfpage: CropBox missing from /Page, defaulting to MediaBox
2025-06-09 21:48:34,193 | WARNING  | pdfminer.pdfpage: CropBox missing from /Page, defaulting to MediaBox
2025-06-09 21:48:34,194 | WARNING  | pdfminer.pdfpage: CropBox missing from /Page, defaulting to MediaBox
2025-06-09 21:48:34,195 | WARNING  | pdfminer.pdfpage: CropBox missing from /Page, defaulting to MediaBox
2025-06-09 21:48:34,196 | WARNING  | pdfminer.pdfpage: CropBox missing from /Page, defaulting to MediaBox
2025-06-09 21:48:34,197 | WARNING  | pdfminer.pdfpage: CropBox missing from /Page, defaulting to MediaBox
2025-06-09 21:48:34,198 | WARNING  | pdfminer.pdfpage: CropBox missing from /Page, defaulting to MediaBox
2025-06-09 21:48:34,199 | WARNING  | pdfminer.pdfpage: CropBox missing from /Page, defaulting to MediaBox
2025-06-09 21:48:34,199 | WARNING  | pdfminer.pdfpage: CropBox missing from /Page, defaulting to MediaBox
2025-06-09 21:48:34,201 | WARNING  | pdfminer.pdfpage: CropBox missing from /Page, defaulting to MediaBox
2025-06-09 21:48:34,202 | WARNING  | pdfminer.pdfpage: CropBox missing from /Page, defaulting to MediaBox
2025-06-09 21:48:34,203 | WARNING  | pdfminer.pdfpage: CropBox missing from /Page, defaulting to MediaBox
2025-06-09 21:48:34,204 | WARNING  | pdfminer.pdfpage: CropBox missing from /Page, defaulting to MediaBox
2025-06-09 21:48:34,205 | WARNING  | pdfminer.pdfpage: CropBox missing from /Page, defaulting to MediaBox
2025-06-09 21:48:34,206 | WARNING  | pdfminer.pdfpage: CropBox missing from /Page, defaulting to MediaBox
2025-06-09 21:48:34,206 | WARNING  | pdfminer.pdfpage: CropBox missing from /Page, defaulting to MediaBox
2025-06-09 21:48:34,207 | WARNING  | pdfminer.pdfpage: CropBox missing from /Page, defaulting to MediaBox
2025-06-09 21:48:34,208 | WARNING  | pdfminer.pdfpage: CropBox missing from /Page, defaulting to MediaBox
2025-06-09 21:48:34,209 | WARNING  | pdfminer.pdfpage: CropBox missing from /Page, defaulting to MediaBox
2025-06-09 21:48:34,209 | WARNING  | pdfminer.pdfpage: CropBox missing from /Page, defaulting to MediaBox
2025-06-09 21:48:34,210 | WARNING  | pdfminer.pdfpage: CropBox missing from /Page, defaulting to MediaBox
2025-06-09 21:48:34,211 | WARNING  | pdfminer.pdfpage: CropBox missing from /Page, defaulting to MediaBox
2025-06-09 21:48:34,211 | WARNING  | pdfminer.pdfpage: CropBox missing from /Page, defaulting to MediaBox
2025-06-09 21:48:34,212 | WARNING  | pdfminer.pdfpage: CropBox missing from /Page, defaulting to MediaBox
2025-06-09 21:48:34,214 | WARNING  | pdfminer.pdfpage: CropBox missing from /Page, defaulting to MediaBox
2025-06-09 21:48:34,216 | WARNING  | pdfminer.pdfpage: CropBox missing from /Page, defaulting to MediaBox
2025-06-09 21:48:34,218 | WARNING  | pdfminer.pdfpage: CropBox missing from /Page, defaulting to MediaBox
2025-06-09 21:48:34,219 | WARNING  | pdfminer.pdfpage: CropBox missing from /Page, defaulting to MediaBox
2025-06-09 21:48:34,220 | WARNING  | pdfminer.pdfpage: CropBox missing from /Page, defaulting to MediaBox
2025-06-09 21:48:34,222 | WARNING  | pdfminer.pdfpage: CropBox missing from /Page, defaulting to MediaBox
2025-06-09 21:48:34,223 | WARNING  | pdfminer.pdfpage: CropBox missing from /Page, defaulting to MediaBox
2025-06-09 21:48:34,224 | WARNING  | pdfminer.pdfpage: CropBox missing from /Page, defaulting to MediaBox
2025-06-09 21:48:34,225 | WARNING  | pdfminer.pdfpage: CropBox missing from /Page, defaulting to MediaBox
2025-06-09 21:48:34,226 | WARNING  | pdfminer.pdfpage: CropBox missing from /Page, defaulting to MediaBox
2025-06-09 21:48:34,226 | WARNING  | pdfminer.pdfpage: CropBox missing from /Page, defaulting to MediaBox
2025-06-09 21:48:34,227 | WARNING  | pdfminer.pdfpage: CropBox missing from /Page, defaulting to MediaBox
2025-06-09 21:48:34,228 | WARNING  | pdfminer.pdfpage: CropBox missing from /Page, defaulting to MediaBox
2025-06-09 21:48:34,229 | WARNING  | pdfminer.pdfpage: CropBox missing from /Page, defaulting to MediaBox
2025-06-09 21:48:34,230 | WARNING  | pdfminer.pdfpage: CropBox missing from /Page, defaulting to MediaBox
2025-06-09 21:48:34,231 | WARNING  | pdfminer.pdfpage: CropBox missing from /Page, defaulting to MediaBox
2025-06-09 21:48:34,232 | WARNING  | pdfminer.pdfpage: CropBox missing from /Page, defaulting to MediaBox
2025-06-09 21:48:34,232 | WARNING  | pdfminer.pdfpage: CropBox missing from /Page, defaulting to MediaBox
2025-06-09 21:48:34,233 | WARNING  | pdfminer.pdfpage: CropBox missing from /Page, defaulting to MediaBox
2025-06-09 21:48:34,234 | WARNING  | pdfminer.pdfpage: CropBox missing from /Page, defaulting to MediaBox
2025-06-09 21:48:34,235 | WARNING  | pdfminer.pdfpage: CropBox missing from /Page, defaulting to MediaBox
2025-06-09 21:48:34,236 | WARNING  | pdfminer.pdfpage: CropBox missing from /Page, defaulting to MediaBox
2025-06-09 21:48:34,237 | WARNING  | pdfminer.pdfpage: CropBox missing from /Page, defaulting to MediaBox
2025-06-09 21:48:34,238 | WARNING  | pdfminer.pdfpage: CropBox missing from /Page, defaulting to MediaBox
2025-06-09 21:48:34,239 | WARNING  | pdfminer.pdfpage: CropBox missing from /Page, defaulting to MediaBox
2025-06-09 21:48:34,239 | WARNING  | pdfminer.pdfpage: CropBox missing from /Page, defaulting to MediaBox
2025-06-09 21:48:34,241 | WARNING  | pdfminer.pdfpage: CropBox missing from /Page, defaulting to MediaBox
2025-06-09 21:48:34,242 | WARNING  | pdfminer.pdfpage: CropBox missing from /Page, defaulting to MediaBox
2025-06-09 21:48:34,243 | WARNING  | pdfminer.pdfpage: CropBox missing from /Page, defaulting to MediaBox
2025-06-09 21:48:34,244 | WARNING  | pdfminer.pdfpage: CropBox missing from /Page, defaulting to MediaBox
2025-06-09 21:48:34,245 | WARNING  | pdfminer.pdfpage: CropBox missing from /Page, defaulting to MediaBox
2025-06-09 21:48:34,246 | WARNING  | pdfminer.pdfpage: CropBox missing from /Page, defaulting to MediaBox
2025-06-09 21:48:34,247 | WARNING  | pdfminer.pdfpage: CropBox missing from /Page, defaulting to MediaBox
2025-06-09 21:48:34,248 | WARNING  | pdfminer.pdfpage: CropBox missing from /Page, defaulting to MediaBox
2025-06-09 21:48:34,249 | WARNING  | pdfminer.pdfpage: CropBox missing from /Page, defaulting to MediaBox
2025-06-09 21:48:34,252 | WARNING  | pdfminer.pdfpage: CropBox missing from /Page, defaulting to MediaBox
2025-06-09 21:48:34,254 | WARNING  | pdfminer.pdfpage: CropBox missing from /Page, defaulting to MediaBox
2025-06-09 21:48:34,255 | WARNING  | pdfminer.pdfpage: CropBox missing from /Page, defaulting to MediaBox
2025-06-09 21:48:54,274 | WARNING  | pdfminer.pdfpage: CropBox missing from /Page, defaulting to MediaBox
2025-06-09 21:48:54,275 | WARNING  | pdfminer.pdfpage: CropBox missing from /Page, defaulting to MediaBox
2025-06-09 21:48:54,275 | WARNING  | pdfminer.pdfpage: CropBox missing from /Page, defaulting to MediaBox
2025-06-09 21:48:54,275 | WARNING  | pdfminer.pdfpage: CropBox missing from /Page, defaulting to MediaBox
2025-06-09 21:48:54,276 | WARNING  | pdfminer.pdfpage: CropBox missing from /Page, defaulting to MediaBox
2025-06-09 21:48:54,276 | WARNING  | pdfminer.pdfpage: CropBox missing from /Page, defaulting to MediaBox
2025-06-09 21:48:54,276 | WARNING  | pdfminer.pdfpage: CropBox missing from /Page, defaulting to MediaBox
2025-06-09 21:48:54,276 | WARNING  | pdfminer.pdfpage: CropBox missing from /Page, defaulting to MediaBox
2025-06-09 21:48:54,277 | WARNING  | pdfminer.pdfpage: CropBox missing from /Page, defaulting to MediaBox
2025-06-09 21:48:54,277 | WARNING  | pdfminer.pdfpage: CropBox missing from /Page, defaulting to MediaBox
2025-06-09 21:48:54,277 | WARNING  | pdfminer.pdfpage: CropBox missing from /Page, defaulting to MediaBox
2025-06-09 21:48:54,278 | WARNING  | pdfminer.pdfpage: CropBox missing from /Page, defaulting to MediaBox
2025-06-09 21:48:54,278 | WARNING  | pdfminer.pdfpage: CropBox missing from /Page, defaulting to MediaBox
2025-06-09 21:48:54,278 | WARNING  | pdfminer.pdfpage: CropBox missing from /Page, defaulting to MediaBox
2025-06-09 21:48:54,279 | WARNING  | pdfminer.pdfpage: CropBox missing from /Page, defaulting to MediaBox
2025-06-09 21:48:54,279 | WARNING  | pdfminer.pdfpage: CropBox missing from /Page, defaulting to MediaBox
2025-06-09 21:48:54,279 | WARNING  | pdfminer.pdfpage: CropBox missing from /Page, defaulting to MediaBox
2025-06-09 21:48:54,282 | WARNING  | pdfminer.pdfpage: CropBox missing from /Page, defaulting to MediaBox
2025-06-09 21:48:54,283 | WARNING  | pdfminer.pdfpage: CropBox missing from /Page, defaulting to MediaBox
2025-06-09 21:48:54,283 | WARNING  | pdfminer.pdfpage: CropBox missing from /Page, defaulting to MediaBox
2025-06-09 21:48:54,283 | WARNING  | pdfminer.pdfpage: CropBox missing from /Page, defaulting to MediaBox
2025-06-09 21:48:54,284 | WARNING  | pdfminer.pdfpage: CropBox missing from /Page, defaulting to MediaBox
2025-06-09 21:48:54,284 | WARNING  | pdfminer.pdfpage: CropBox missing from /Page, defaulting to MediaBox
2025-06-09 21:48:54,284 | WARNING  | pdfminer.pdfpage: CropBox missing from /Page, defaulting to MediaBox
2025-06-09 21:48:54,284 | WARNING  | pdfminer.pdfpage: CropBox missing from /Page, defaulting to MediaBox
2025-06-09 21:48:54,284 | WARNING  | pdfminer.pdfpage: CropBox missing from /Page, defaulting to MediaBox
2025-06-09 21:48:54,284 | WARNING  | pdfminer.pdfpage: CropBox missing from /Page, defaulting to MediaBox
2025-06-09 21:48:54,284 | WARNING  | pdfminer.pdfpage: CropBox missing from /Page, defaulting to MediaBox
2025-06-09 21:48:54,285 | WARNING  | pdfminer.pdfpage: CropBox missing from /Page, defaulting to MediaBox
2025-06-09 21:48:54,285 | WARNING  | pdfminer.pdfpage: CropBox missing from /Page, defaulting to MediaBox
2025-06-09 21:48:54,285 | WARNING  | pdfminer.pdfpage: CropBox missing from /Page, defaulting to MediaBox
2025-06-09 21:48:54,285 | WARNING  | pdfminer.pdfpage: CropBox missing from /Page, defaulting to MediaBox
2025-06-09 21:48:54,285 | WARNING  | pdfminer.pdfpage: CropBox missing from /Page, defaulting to MediaBox
2025-06-09 21:48:54,285 | WARNING  | pdfminer.pdfpage: CropBox missing from /Page, defaulting to MediaBox
2025-06-09 21:48:54,285 | WARNING  | pdfminer.pdfpage: CropBox missing from /Page, defaulting to MediaBox
2025-06-09 21:48:54,285 | WARNING  | pdfminer.pdfpage: CropBox missing from /Page, defaulting to MediaBox
2025-06-09 21:48:54,285 | WARNING  | pdfminer.pdfpage: CropBox missing from /Page, defaulting to MediaBox
2025-06-09 21:48:54,286 | WARNING  | pdfminer.pdfpage: CropBox missing from /Page, defaulting to MediaBox
2025-06-09 21:48:54,286 | WARNING  | pdfminer.pdfpage: CropBox missing from /Page, defaulting to MediaBox
2025-06-09 21:48:54,286 | WARNING  | pdfminer.pdfpage: CropBox missing from /Page, defaulting to MediaBox
2025-06-09 21:48:54,286 | WARNING  | pdfminer.pdfpage: CropBox missing from /Page, defaulting to MediaBox
2025-06-09 21:48:54,286 | WARNING  | pdfminer.pdfpage: CropBox missing from /Page, defaulting to MediaBox
2025-06-09 21:48:54,287 | WARNING  | pdfminer.pdfpage: CropBox missing from /Page, defaulting to MediaBox
2025-06-09 21:48:54,287 | WARNING  | pdfminer.pdfpage: CropBox missing from /Page, defaulting to MediaBox
2025-06-09 21:48:54,287 | WARNING  | pdfminer.pdfpage: CropBox missing from /Page, defaulting to MediaBox
2025-06-09 21:48:54,287 | WARNING  | pdfminer.pdfpage: CropBox missing from /Page, defaulting to MediaBox
2025-06-09 21:48:54,287 | WARNING  | pdfminer.pdfpage: CropBox missing from /Page, defaulting to MediaBox
2025-06-09 21:48:54,288 | WARNING  | pdfminer.pdfpage: CropBox missing from /Page, defaulting to MediaBox
2025-06-09 21:48:54,288 | WARNING  | pdfminer.pdfpage: CropBox missing from /Page, defaulting to MediaBox
2025-06-09 21:48:54,288 | WARNING  | pdfminer.pdfpage: CropBox missing from /Page, defaulting to MediaBox
2025-06-09 21:48:54,288 | WARNING  | pdfminer.pdfpage: CropBox missing from /Page, defaulting to MediaBox
2025-06-09 21:48:54,288 | WARNING  | pdfminer.pdfpage: CropBox missing from /Page, defaulting to MediaBox
2025-06-09 21:48:54,288 | WARNING  | pdfminer.pdfpage: CropBox missing from /Page, defaulting to MediaBox
2025-06-09 21:48:54,289 | WARNING  | pdfminer.pdfpage: CropBox missing from /Page, defaulting to MediaBox
2025-06-09 21:48:54,289 | WARNING  | pdfminer.pdfpage: CropBox missing from /Page, defaulting to MediaBox
2025-06-09 21:48:54,289 | WARNING  | pdfminer.pdfpage: CropBox missing from /Page, defaulting to MediaBox
2025-06-09 21:48:54,289 | WARNING  | pdfminer.pdfpage: CropBox missing from /Page, defaulting to MediaBox
2025-06-09 21:48:54,290 | WARNING  | pdfminer.pdfpage: CropBox missing from /Page, defaulting to MediaBox
2025-06-09 21:48:54,290 | WARNING  | pdfminer.pdfpage: CropBox missing from /Page, defaulting to MediaBox
2025-06-09 21:48:54,290 | WARNING  | pdfminer.pdfpage: CropBox missing from /Page, defaulting to MediaBox
2025-06-09 21:48:54,290 | WARNING  | pdfminer.pdfpage: CropBox missing from /Page, defaulting to MediaBox
2025-06-09 21:48:54,290 | WARNING  | pdfminer.pdfpage: CropBox missing from /Page, defaulting to MediaBox
2025-06-09 21:48:54,290 | WARNING  | pdfminer.pdfpage: CropBox missing from /Page, defaulting to MediaBox
2025-06-09 21:48:54,290 | WARNING  | pdfminer.pdfpage: CropBox missing from /Page, defaulting to MediaBox
2025-06-09 21:48:54,290 | WARNING  | pdfminer.pdfpage: CropBox missing from /Page, defaulting to MediaBox
2025-06-09 21:48:54,291 | WARNING  | pdfminer.pdfpage: CropBox missing from /Page, defaulting to MediaBox
2025-06-09 21:48:54,291 | WARNING  | pdfminer.pdfpage: CropBox missing from /Page, defaulting to MediaBox
2025-06-09 21:48:54,291 | WARNING  | pdfminer.pdfpage: CropBox missing from /Page, defaulting to MediaBox
2025-06-09 21:48:54,291 | WARNING  | pdfminer.pdfpage: CropBox missing from /Page, defaulting to MediaBox
2025-06-09 21:48:54,291 | WARNING  | pdfminer.pdfpage: CropBox missing from /Page, defaulting to MediaBox
2025-06-09 21:48:54,292 | WARNING  | pdfminer.pdfpage: CropBox missing from /Page, defaulting to MediaBox
2025-06-09 21:48:54,292 | WARNING  | pdfminer.pdfpage: CropBox missing from /Page, defaulting to MediaBox
2025-06-09 21:48:54,292 | WARNING  | pdfminer.pdfpage: CropBox missing from /Page, defaulting to MediaBox
2025-06-09 21:48:54,292 | WARNING  | pdfminer.pdfpage: CropBox missing from /Page, defaulting to MediaBox
2025-06-09 21:48:54,292 | WARNING  | pdfminer.pdfpage: CropBox missing from /Page, defaulting to MediaBox
2025-06-09 21:48:54,292 | WARNING  | pdfminer.pdfpage: CropBox missing from /Page, defaulting to MediaBox
2025-06-09 21:48:54,292 | WARNING  | pdfminer.pdfpage: CropBox missing from /Page, defaulting to MediaBox
2025-06-09 21:48:54,293 | WARNING  | pdfminer.pdfpage: CropBox missing from /Page, defaulting to MediaBox
2025-06-09 21:48:54,293 | WARNING  | pdfminer.pdfpage: CropBox missing from /Page, defaulting to MediaBox
2025-06-09 21:48:54,293 | WARNING  | pdfminer.pdfpage: CropBox missing from /Page, defaulting to MediaBox
2025-06-09 21:48:54,293 | WARNING  | pdfminer.pdfpage: CropBox missing from /Page, defaulting to MediaBox
2025-06-09 21:48:54,293 | WARNING  | pdfminer.pdfpage: CropBox missing from /Page, defaulting to MediaBox
2025-06-09 21:48:54,293 | WARNING  | pdfminer.pdfpage: CropBox missing from /Page, defaulting to MediaBox
2025-06-09 21:48:54,293 | WARNING  | pdfminer.pdfpage: CropBox missing from /Page, defaulting to MediaBox
2025-06-09 21:48:54,293 | WARNING  | pdfminer.pdfpage: CropBox missing from /Page, defaulting to MediaBox
2025-06-09 21:48:54,293 | WARNING  | pdfminer.pdfpage: CropBox missing from /Page, defaulting to MediaBox
2025-06-09 21:48:54,294 | WARNING  | pdfminer.pdfpage: CropBox missing from /Page, defaulting to MediaBox
2025-06-09 21:48:54,294 | WARNING  | pdfminer.pdfpage: CropBox missing from /Page, defaulting to MediaBox
2025-06-09 21:48:54,294 | WARNING  | pdfminer.pdfpage: CropBox missing from /Page, defaulting to MediaBox
2025-06-09 21:48:54,294 | WARNING  | pdfminer.pdfpage: CropBox missing from /Page, defaulting to MediaBox
2025-06-09 21:48:54,295 | WARNING  | pdfminer.pdfpage: CropBox missing from /Page, defaulting to MediaBox
2025-06-09 21:48:54,295 | WARNING  | pdfminer.pdfpage: CropBox missing from /Page, defaulting to MediaBox
2025-06-09 21:48:54,295 | WARNING  | pdfminer.pdfpage: CropBox missing from /Page, defaulting to MediaBox
2025-06-09 21:48:54,295 | WARNING  | pdfminer.pdfpage: CropBox missing from /Page, defaulting to MediaBox
2025-06-09 21:48:54,295 | WARNING  | pdfminer.pdfpage: CropBox missing from /Page, defaulting to MediaBox
2025-06-09 21:48:54,295 | WARNING  | pdfminer.pdfpage: CropBox missing from /Page, defaulting to MediaBox
2025-06-09 21:48:54,295 | WARNING  | pdfminer.pdfpage: CropBox missing from /Page, defaulting to MediaBox
2025-06-09 21:48:54,296 | WARNING  | pdfminer.pdfpage: CropBox missing from /Page, defaulting to MediaBox
2025-06-09 21:48:54,296 | WARNING  | pdfminer.pdfpage: CropBox missing from /Page, defaulting to MediaBox
2025-06-09 21:48:55,390 | INFO     | sentence_transformers.SentenceTransformer: Use pytorch device_name: cpu
2025-06-09 21:48:55,390 | INFO     | sentence_transformers.SentenceTransformer: Load pretrained SentenceTransformer: sentence-transformers/all-MiniLM-L6-v2
2025-06-09 21:49:54,385 | INFO     | sentence_transformers.SentenceTransformer: Use pytorch device_name: cpu
2025-06-09 21:49:54,386 | INFO     | sentence_transformers.SentenceTransformer: Load pretrained SentenceTransformer: sentence-transformers/all-MiniLM-L6-v2
2025-06-09 21:52:21,132 | INFO     | sentence_transformers.SentenceTransformer: Use pytorch device_name: cpu
2025-06-09 21:52:21,132 | INFO     | sentence_transformers.SentenceTransformer: Load pretrained SentenceTransformer: sentence-transformers/all-MiniLM-L6-v2
2025-06-09 21:52:24,111 | WARNING  | pdfminer.pdfpage: CropBox missing from /Page, defaulting to MediaBox
2025-06-09 21:52:24,113 | WARNING  | pdfminer.pdfpage: CropBox missing from /Page, defaulting to MediaBox
2025-06-09 21:52:24,114 | WARNING  | pdfminer.pdfpage: CropBox missing from /Page, defaulting to MediaBox
2025-06-09 21:52:24,115 | WARNING  | pdfminer.pdfpage: CropBox missing from /Page, defaulting to MediaBox
2025-06-09 21:52:24,116 | WARNING  | pdfminer.pdfpage: CropBox missing from /Page, defaulting to MediaBox
2025-06-09 21:52:24,117 | WARNING  | pdfminer.pdfpage: CropBox missing from /Page, defaulting to MediaBox
2025-06-09 21:52:24,118 | WARNING  | pdfminer.pdfpage: CropBox missing from /Page, defaulting to MediaBox
2025-06-09 21:52:24,119 | WARNING  | pdfminer.pdfpage: CropBox missing from /Page, defaulting to MediaBox
2025-06-09 21:52:24,120 | WARNING  | pdfminer.pdfpage: CropBox missing from /Page, defaulting to MediaBox
2025-06-09 21:52:24,121 | WARNING  | pdfminer.pdfpage: CropBox missing from /Page, defaulting to MediaBox
2025-06-09 21:52:24,122 | WARNING  | pdfminer.pdfpage: CropBox missing from /Page, defaulting to MediaBox
2025-06-09 21:52:24,123 | WARNING  | pdfminer.pdfpage: CropBox missing from /Page, defaulting to MediaBox
2025-06-09 21:52:24,125 | WARNING  | pdfminer.pdfpage: CropBox missing from /Page, defaulting to MediaBox
2025-06-09 21:52:24,126 | WARNING  | pdfminer.pdfpage: CropBox missing from /Page, defaulting to MediaBox
2025-06-09 21:52:24,127 | WARNING  | pdfminer.pdfpage: CropBox missing from /Page, defaulting to MediaBox
2025-06-09 21:52:24,128 | WARNING  | pdfminer.pdfpage: CropBox missing from /Page, defaulting to MediaBox
2025-06-09 21:52:24,128 | WARNING  | pdfminer.pdfpage: CropBox missing from /Page, defaulting to MediaBox
2025-06-09 21:52:24,129 | WARNING  | pdfminer.pdfpage: CropBox missing from /Page, defaulting to MediaBox
2025-06-09 21:52:24,130 | WARNING  | pdfminer.pdfpage: CropBox missing from /Page, defaulting to MediaBox
2025-06-09 21:52:24,131 | WARNING  | pdfminer.pdfpage: CropBox missing from /Page, defaulting to MediaBox
2025-06-09 21:52:24,131 | WARNING  | pdfminer.pdfpage: CropBox missing from /Page, defaulting to MediaBox
2025-06-09 21:52:24,132 | WARNING  | pdfminer.pdfpage: CropBox missing from /Page, defaulting to MediaBox
2025-06-09 21:52:24,133 | WARNING  | pdfminer.pdfpage: CropBox missing from /Page, defaulting to MediaBox
2025-06-09 21:52:24,134 | WARNING  | pdfminer.pdfpage: CropBox missing from /Page, defaulting to MediaBox
2025-06-09 21:52:24,135 | WARNING  | pdfminer.pdfpage: CropBox missing from /Page, defaulting to MediaBox
2025-06-09 21:52:24,140 | WARNING  | pdfminer.pdfpage: CropBox missing from /Page, defaulting to MediaBox
2025-06-09 21:52:24,141 | WARNING  | pdfminer.pdfpage: CropBox missing from /Page, defaulting to MediaBox
2025-06-09 21:52:24,142 | WARNING  | pdfminer.pdfpage: CropBox missing from /Page, defaulting to MediaBox
2025-06-09 21:52:24,144 | WARNING  | pdfminer.pdfpage: CropBox missing from /Page, defaulting to MediaBox
2025-06-09 21:52:24,145 | WARNING  | pdfminer.pdfpage: CropBox missing from /Page, defaulting to MediaBox
2025-06-09 21:52:24,146 | WARNING  | pdfminer.pdfpage: CropBox missing from /Page, defaulting to MediaBox
2025-06-09 21:52:24,147 | WARNING  | pdfminer.pdfpage: CropBox missing from /Page, defaulting to MediaBox
2025-06-09 21:52:24,149 | WARNING  | pdfminer.pdfpage: CropBox missing from /Page, defaulting to MediaBox
2025-06-09 21:52:24,150 | WARNING  | pdfminer.pdfpage: CropBox missing from /Page, defaulting to MediaBox
2025-06-09 21:52:24,152 | WARNING  | pdfminer.pdfpage: CropBox missing from /Page, defaulting to MediaBox
2025-06-09 21:52:24,153 | WARNING  | pdfminer.pdfpage: CropBox missing from /Page, defaulting to MediaBox
2025-06-09 21:52:24,154 | WARNING  | pdfminer.pdfpage: CropBox missing from /Page, defaulting to MediaBox
2025-06-09 21:52:24,155 | WARNING  | pdfminer.pdfpage: CropBox missing from /Page, defaulting to MediaBox
2025-06-09 21:52:24,157 | WARNING  | pdfminer.pdfpage: CropBox missing from /Page, defaulting to MediaBox
2025-06-09 21:52:24,158 | WARNING  | pdfminer.pdfpage: CropBox missing from /Page, defaulting to MediaBox
2025-06-09 21:52:24,159 | WARNING  | pdfminer.pdfpage: CropBox missing from /Page, defaulting to MediaBox
2025-06-09 21:52:24,161 | WARNING  | pdfminer.pdfpage: CropBox missing from /Page, defaulting to MediaBox
2025-06-09 21:52:24,162 | WARNING  | pdfminer.pdfpage: CropBox missing from /Page, defaulting to MediaBox
2025-06-09 21:52:24,163 | WARNING  | pdfminer.pdfpage: CropBox missing from /Page, defaulting to MediaBox
2025-06-09 21:52:24,165 | WARNING  | pdfminer.pdfpage: CropBox missing from /Page, defaulting to MediaBox
2025-06-09 21:52:24,166 | WARNING  | pdfminer.pdfpage: CropBox missing from /Page, defaulting to MediaBox
2025-06-09 21:52:24,168 | WARNING  | pdfminer.pdfpage: CropBox missing from /Page, defaulting to MediaBox
2025-06-09 21:52:24,170 | WARNING  | pdfminer.pdfpage: CropBox missing from /Page, defaulting to MediaBox
2025-06-09 21:52:24,172 | WARNING  | pdfminer.pdfpage: CropBox missing from /Page, defaulting to MediaBox
2025-06-09 21:52:24,173 | WARNING  | pdfminer.pdfpage: CropBox missing from /Page, defaulting to MediaBox
2025-06-09 21:52:24,175 | WARNING  | pdfminer.pdfpage: CropBox missing from /Page, defaulting to MediaBox
2025-06-09 21:52:24,176 | WARNING  | pdfminer.pdfpage: CropBox missing from /Page, defaulting to MediaBox
2025-06-09 21:52:24,177 | WARNING  | pdfminer.pdfpage: CropBox missing from /Page, defaulting to MediaBox
2025-06-09 21:52:24,178 | WARNING  | pdfminer.pdfpage: CropBox missing from /Page, defaulting to MediaBox
2025-06-09 21:52:24,179 | WARNING  | pdfminer.pdfpage: CropBox missing from /Page, defaulting to MediaBox
2025-06-09 21:52:24,181 | WARNING  | pdfminer.pdfpage: CropBox missing from /Page, defaulting to MediaBox
2025-06-09 21:52:24,182 | WARNING  | pdfminer.pdfpage: CropBox missing from /Page, defaulting to MediaBox
2025-06-09 21:52:24,183 | WARNING  | pdfminer.pdfpage: CropBox missing from /Page, defaulting to MediaBox
2025-06-09 21:52:24,184 | WARNING  | pdfminer.pdfpage: CropBox missing from /Page, defaulting to MediaBox
2025-06-09 21:52:24,185 | WARNING  | pdfminer.pdfpage: CropBox missing from /Page, defaulting to MediaBox
2025-06-09 21:52:24,186 | WARNING  | pdfminer.pdfpage: CropBox missing from /Page, defaulting to MediaBox
2025-06-09 21:52:24,186 | WARNING  | pdfminer.pdfpage: CropBox missing from /Page, defaulting to MediaBox
2025-06-09 21:52:24,189 | WARNING  | pdfminer.pdfpage: CropBox missing from /Page, defaulting to MediaBox
2025-06-09 21:52:24,190 | WARNING  | pdfminer.pdfpage: CropBox missing from /Page, defaulting to MediaBox
2025-06-09 21:52:24,191 | WARNING  | pdfminer.pdfpage: CropBox missing from /Page, defaulting to MediaBox
2025-06-09 21:52:24,192 | WARNING  | pdfminer.pdfpage: CropBox missing from /Page, defaulting to MediaBox
2025-06-09 21:52:24,193 | WARNING  | pdfminer.pdfpage: CropBox missing from /Page, defaulting to MediaBox
2025-06-09 21:52:24,195 | WARNING  | pdfminer.pdfpage: CropBox missing from /Page, defaulting to MediaBox
2025-06-09 21:52:24,196 | WARNING  | pdfminer.pdfpage: CropBox missing from /Page, defaulting to MediaBox
2025-06-09 21:52:24,198 | WARNING  | pdfminer.pdfpage: CropBox missing from /Page, defaulting to MediaBox
2025-06-09 21:52:24,199 | WARNING  | pdfminer.pdfpage: CropBox missing from /Page, defaulting to MediaBox
2025-06-09 21:52:24,201 | WARNING  | pdfminer.pdfpage: CropBox missing from /Page, defaulting to MediaBox
2025-06-09 21:52:24,205 | WARNING  | pdfminer.pdfpage: CropBox missing from /Page, defaulting to MediaBox
2025-06-09 21:52:24,207 | WARNING  | pdfminer.pdfpage: CropBox missing from /Page, defaulting to MediaBox
2025-06-09 21:52:24,208 | WARNING  | pdfminer.pdfpage: CropBox missing from /Page, defaulting to MediaBox
2025-06-09 21:52:24,211 | WARNING  | pdfminer.pdfpage: CropBox missing from /Page, defaulting to MediaBox
2025-06-09 21:52:24,212 | WARNING  | pdfminer.pdfpage: CropBox missing from /Page, defaulting to MediaBox
2025-06-09 21:52:24,213 | WARNING  | pdfminer.pdfpage: CropBox missing from /Page, defaulting to MediaBox
2025-06-09 21:52:24,214 | WARNING  | pdfminer.pdfpage: CropBox missing from /Page, defaulting to MediaBox
2025-06-09 21:52:24,215 | WARNING  | pdfminer.pdfpage: CropBox missing from /Page, defaulting to MediaBox
2025-06-09 21:52:24,216 | WARNING  | pdfminer.pdfpage: CropBox missing from /Page, defaulting to MediaBox
2025-06-09 21:52:24,217 | WARNING  | pdfminer.pdfpage: CropBox missing from /Page, defaulting to MediaBox
2025-06-09 21:52:24,218 | WARNING  | pdfminer.pdfpage: CropBox missing from /Page, defaulting to MediaBox
2025-06-09 21:52:24,219 | WARNING  | pdfminer.pdfpage: CropBox missing from /Page, defaulting to MediaBox
2025-06-09 21:52:24,220 | WARNING  | pdfminer.pdfpage: CropBox missing from /Page, defaulting to MediaBox
2025-06-09 21:52:24,221 | WARNING  | pdfminer.pdfpage: CropBox missing from /Page, defaulting to MediaBox
2025-06-09 21:52:24,223 | WARNING  | pdfminer.pdfpage: CropBox missing from /Page, defaulting to MediaBox
2025-06-09 21:52:24,224 | WARNING  | pdfminer.pdfpage: CropBox missing from /Page, defaulting to MediaBox
2025-06-09 21:52:24,225 | WARNING  | pdfminer.pdfpage: CropBox missing from /Page, defaulting to MediaBox
2025-06-09 21:52:24,226 | WARNING  | pdfminer.pdfpage: CropBox missing from /Page, defaulting to MediaBox
2025-06-09 21:52:24,227 | WARNING  | pdfminer.pdfpage: CropBox missing from /Page, defaulting to MediaBox
2025-06-09 21:52:24,229 | WARNING  | pdfminer.pdfpage: CropBox missing from /Page, defaulting to MediaBox
2025-06-09 21:52:24,230 | WARNING  | pdfminer.pdfpage: CropBox missing from /Page, defaulting to MediaBox
2025-06-09 21:52:24,232 | WARNING  | pdfminer.pdfpage: CropBox missing from /Page, defaulting to MediaBox
2025-06-09 21:52:24,233 | WARNING  | pdfminer.pdfpage: CropBox missing from /Page, defaulting to MediaBox
2025-06-09 21:52:24,234 | WARNING  | pdfminer.pdfpage: CropBox missing from /Page, defaulting to MediaBox
2025-06-09 21:52:24,235 | WARNING  | pdfminer.pdfpage: CropBox missing from /Page, defaulting to MediaBox
2025-06-09 21:52:24,236 | WARNING  | pdfminer.pdfpage: CropBox missing from /Page, defaulting to MediaBox
2025-06-09 21:52:24,239 | WARNING  | pdfminer.pdfpage: CropBox missing from /Page, defaulting to MediaBox
2025-06-09 21:52:44,818 | WARNING  | pdfminer.pdfpage: CropBox missing from /Page, defaulting to MediaBox
2025-06-09 21:52:44,818 | WARNING  | pdfminer.pdfpage: CropBox missing from /Page, defaulting to MediaBox
2025-06-09 21:52:44,819 | WARNING  | pdfminer.pdfpage: CropBox missing from /Page, defaulting to MediaBox
2025-06-09 21:52:44,819 | WARNING  | pdfminer.pdfpage: CropBox missing from /Page, defaulting to MediaBox
2025-06-09 21:52:44,819 | WARNING  | pdfminer.pdfpage: CropBox missing from /Page, defaulting to MediaBox
2025-06-09 21:52:44,819 | WARNING  | pdfminer.pdfpage: CropBox missing from /Page, defaulting to MediaBox
2025-06-09 21:52:44,820 | WARNING  | pdfminer.pdfpage: CropBox missing from /Page, defaulting to MediaBox
2025-06-09 21:52:44,820 | WARNING  | pdfminer.pdfpage: CropBox missing from /Page, defaulting to MediaBox
2025-06-09 21:52:44,820 | WARNING  | pdfminer.pdfpage: CropBox missing from /Page, defaulting to MediaBox
2025-06-09 21:52:44,821 | WARNING  | pdfminer.pdfpage: CropBox missing from /Page, defaulting to MediaBox
2025-06-09 21:52:44,821 | WARNING  | pdfminer.pdfpage: CropBox missing from /Page, defaulting to MediaBox
2025-06-09 21:52:44,821 | WARNING  | pdfminer.pdfpage: CropBox missing from /Page, defaulting to MediaBox
2025-06-09 21:52:44,821 | WARNING  | pdfminer.pdfpage: CropBox missing from /Page, defaulting to MediaBox
2025-06-09 21:52:44,822 | WARNING  | pdfminer.pdfpage: CropBox missing from /Page, defaulting to MediaBox
2025-06-09 21:52:44,823 | WARNING  | pdfminer.pdfpage: CropBox missing from /Page, defaulting to MediaBox
2025-06-09 21:52:44,823 | WARNING  | pdfminer.pdfpage: CropBox missing from /Page, defaulting to MediaBox
2025-06-09 21:52:44,824 | WARNING  | pdfminer.pdfpage: CropBox missing from /Page, defaulting to MediaBox
2025-06-09 21:52:44,824 | WARNING  | pdfminer.pdfpage: CropBox missing from /Page, defaulting to MediaBox
2025-06-09 21:52:44,824 | WARNING  | pdfminer.pdfpage: CropBox missing from /Page, defaulting to MediaBox
2025-06-09 21:52:44,824 | WARNING  | pdfminer.pdfpage: CropBox missing from /Page, defaulting to MediaBox
2025-06-09 21:52:44,824 | WARNING  | pdfminer.pdfpage: CropBox missing from /Page, defaulting to MediaBox
2025-06-09 21:52:44,825 | WARNING  | pdfminer.pdfpage: CropBox missing from /Page, defaulting to MediaBox
2025-06-09 21:52:44,825 | WARNING  | pdfminer.pdfpage: CropBox missing from /Page, defaulting to MediaBox
2025-06-09 21:52:44,825 | WARNING  | pdfminer.pdfpage: CropBox missing from /Page, defaulting to MediaBox
2025-06-09 21:52:44,825 | WARNING  | pdfminer.pdfpage: CropBox missing from /Page, defaulting to MediaBox
2025-06-09 21:52:44,825 | WARNING  | pdfminer.pdfpage: CropBox missing from /Page, defaulting to MediaBox
2025-06-09 21:52:44,825 | WARNING  | pdfminer.pdfpage: CropBox missing from /Page, defaulting to MediaBox
2025-06-09 21:52:44,826 | WARNING  | pdfminer.pdfpage: CropBox missing from /Page, defaulting to MediaBox
2025-06-09 21:52:44,826 | WARNING  | pdfminer.pdfpage: CropBox missing from /Page, defaulting to MediaBox
2025-06-09 21:52:44,826 | WARNING  | pdfminer.pdfpage: CropBox missing from /Page, defaulting to MediaBox
2025-06-09 21:52:44,826 | WARNING  | pdfminer.pdfpage: CropBox missing from /Page, defaulting to MediaBox
2025-06-09 21:52:44,826 | WARNING  | pdfminer.pdfpage: CropBox missing from /Page, defaulting to MediaBox
2025-06-09 21:52:44,826 | WARNING  | pdfminer.pdfpage: CropBox missing from /Page, defaulting to MediaBox
2025-06-09 21:52:44,826 | WARNING  | pdfminer.pdfpage: CropBox missing from /Page, defaulting to MediaBox
2025-06-09 21:52:44,826 | WARNING  | pdfminer.pdfpage: CropBox missing from /Page, defaulting to MediaBox
2025-06-09 21:52:44,827 | WARNING  | pdfminer.pdfpage: CropBox missing from /Page, defaulting to MediaBox
2025-06-09 21:52:44,827 | WARNING  | pdfminer.pdfpage: CropBox missing from /Page, defaulting to MediaBox
2025-06-09 21:52:44,827 | WARNING  | pdfminer.pdfpage: CropBox missing from /Page, defaulting to MediaBox
2025-06-09 21:52:44,827 | WARNING  | pdfminer.pdfpage: CropBox missing from /Page, defaulting to MediaBox
2025-06-09 21:52:44,827 | WARNING  | pdfminer.pdfpage: CropBox missing from /Page, defaulting to MediaBox
2025-06-09 21:52:44,827 | WARNING  | pdfminer.pdfpage: CropBox missing from /Page, defaulting to MediaBox
2025-06-09 21:52:44,827 | WARNING  | pdfminer.pdfpage: CropBox missing from /Page, defaulting to MediaBox
2025-06-09 21:52:44,827 | WARNING  | pdfminer.pdfpage: CropBox missing from /Page, defaulting to MediaBox
2025-06-09 21:52:44,828 | WARNING  | pdfminer.pdfpage: CropBox missing from /Page, defaulting to MediaBox
2025-06-09 21:52:44,828 | WARNING  | pdfminer.pdfpage: CropBox missing from /Page, defaulting to MediaBox
2025-06-09 21:52:44,828 | WARNING  | pdfminer.pdfpage: CropBox missing from /Page, defaulting to MediaBox
2025-06-09 21:52:44,828 | WARNING  | pdfminer.pdfpage: CropBox missing from /Page, defaulting to MediaBox
2025-06-09 21:52:44,828 | WARNING  | pdfminer.pdfpage: CropBox missing from /Page, defaulting to MediaBox
2025-06-09 21:52:44,828 | WARNING  | pdfminer.pdfpage: CropBox missing from /Page, defaulting to MediaBox
2025-06-09 21:52:44,829 | WARNING  | pdfminer.pdfpage: CropBox missing from /Page, defaulting to MediaBox
2025-06-09 21:52:44,829 | WARNING  | pdfminer.pdfpage: CropBox missing from /Page, defaulting to MediaBox
2025-06-09 21:52:44,829 | WARNING  | pdfminer.pdfpage: CropBox missing from /Page, defaulting to MediaBox
2025-06-09 21:52:44,829 | WARNING  | pdfminer.pdfpage: CropBox missing from /Page, defaulting to MediaBox
2025-06-09 21:52:44,830 | WARNING  | pdfminer.pdfpage: CropBox missing from /Page, defaulting to MediaBox
2025-06-09 21:52:44,830 | WARNING  | pdfminer.pdfpage: CropBox missing from /Page, defaulting to MediaBox
2025-06-09 21:52:44,830 | WARNING  | pdfminer.pdfpage: CropBox missing from /Page, defaulting to MediaBox
2025-06-09 21:52:44,830 | WARNING  | pdfminer.pdfpage: CropBox missing from /Page, defaulting to MediaBox
2025-06-09 21:52:44,831 | WARNING  | pdfminer.pdfpage: CropBox missing from /Page, defaulting to MediaBox
2025-06-09 21:52:44,831 | WARNING  | pdfminer.pdfpage: CropBox missing from /Page, defaulting to MediaBox
2025-06-09 21:52:44,831 | WARNING  | pdfminer.pdfpage: CropBox missing from /Page, defaulting to MediaBox
2025-06-09 21:52:44,831 | WARNING  | pdfminer.pdfpage: CropBox missing from /Page, defaulting to MediaBox
2025-06-09 21:52:44,831 | WARNING  | pdfminer.pdfpage: CropBox missing from /Page, defaulting to MediaBox
2025-06-09 21:52:44,832 | WARNING  | pdfminer.pdfpage: CropBox missing from /Page, defaulting to MediaBox
2025-06-09 21:52:44,832 | WARNING  | pdfminer.pdfpage: CropBox missing from /Page, defaulting to MediaBox
2025-06-09 21:52:44,832 | WARNING  | pdfminer.pdfpage: CropBox missing from /Page, defaulting to MediaBox
2025-06-09 21:52:44,832 | WARNING  | pdfminer.pdfpage: CropBox missing from /Page, defaulting to MediaBox
2025-06-09 21:52:44,832 | WARNING  | pdfminer.pdfpage: CropBox missing from /Page, defaulting to MediaBox
2025-06-09 21:52:44,832 | WARNING  | pdfminer.pdfpage: CropBox missing from /Page, defaulting to MediaBox
2025-06-09 21:52:44,833 | WARNING  | pdfminer.pdfpage: CropBox missing from /Page, defaulting to MediaBox
2025-06-09 21:52:44,833 | WARNING  | pdfminer.pdfpage: CropBox missing from /Page, defaulting to MediaBox
2025-06-09 21:52:44,833 | WARNING  | pdfminer.pdfpage: CropBox missing from /Page, defaulting to MediaBox
2025-06-09 21:52:44,834 | WARNING  | pdfminer.pdfpage: CropBox missing from /Page, defaulting to MediaBox
2025-06-09 21:52:44,834 | WARNING  | pdfminer.pdfpage: CropBox missing from /Page, defaulting to MediaBox
2025-06-09 21:52:44,834 | WARNING  | pdfminer.pdfpage: CropBox missing from /Page, defaulting to MediaBox
2025-06-09 21:52:44,835 | WARNING  | pdfminer.pdfpage: CropBox missing from /Page, defaulting to MediaBox
2025-06-09 21:52:44,835 | WARNING  | pdfminer.pdfpage: CropBox missing from /Page, defaulting to MediaBox
2025-06-09 21:52:44,835 | WARNING  | pdfminer.pdfpage: CropBox missing from /Page, defaulting to MediaBox
2025-06-09 21:52:44,835 | WARNING  | pdfminer.pdfpage: CropBox missing from /Page, defaulting to MediaBox
2025-06-09 21:52:44,835 | WARNING  | pdfminer.pdfpage: CropBox missing from /Page, defaulting to MediaBox
2025-06-09 21:52:44,835 | WARNING  | pdfminer.pdfpage: CropBox missing from /Page, defaulting to MediaBox
2025-06-09 21:52:44,835 | WARNING  | pdfminer.pdfpage: CropBox missing from /Page, defaulting to MediaBox
2025-06-09 21:52:44,835 | WARNING  | pdfminer.pdfpage: CropBox missing from /Page, defaulting to MediaBox
2025-06-09 21:52:44,835 | WARNING  | pdfminer.pdfpage: CropBox missing from /Page, defaulting to MediaBox
2025-06-09 21:52:44,836 | WARNING  | pdfminer.pdfpage: CropBox missing from /Page, defaulting to MediaBox
2025-06-09 21:52:44,836 | WARNING  | pdfminer.pdfpage: CropBox missing from /Page, defaulting to MediaBox
2025-06-09 21:52:44,836 | WARNING  | pdfminer.pdfpage: CropBox missing from /Page, defaulting to MediaBox
2025-06-09 21:52:44,836 | WARNING  | pdfminer.pdfpage: CropBox missing from /Page, defaulting to MediaBox
2025-06-09 21:52:44,836 | WARNING  | pdfminer.pdfpage: CropBox missing from /Page, defaulting to MediaBox
2025-06-09 21:52:44,836 | WARNING  | pdfminer.pdfpage: CropBox missing from /Page, defaulting to MediaBox
2025-06-09 21:52:44,836 | WARNING  | pdfminer.pdfpage: CropBox missing from /Page, defaulting to MediaBox
2025-06-09 21:52:44,836 | WARNING  | pdfminer.pdfpage: CropBox missing from /Page, defaulting to MediaBox
2025-06-09 21:52:44,836 | WARNING  | pdfminer.pdfpage: CropBox missing from /Page, defaulting to MediaBox
2025-06-09 21:52:44,837 | WARNING  | pdfminer.pdfpage: CropBox missing from /Page, defaulting to MediaBox
2025-06-09 21:52:44,837 | WARNING  | pdfminer.pdfpage: CropBox missing from /Page, defaulting to MediaBox
2025-06-09 21:52:44,837 | WARNING  | pdfminer.pdfpage: CropBox missing from /Page, defaulting to MediaBox
2025-06-09 21:52:44,837 | WARNING  | pdfminer.pdfpage: CropBox missing from /Page, defaulting to MediaBox
2025-06-09 21:52:44,837 | WARNING  | pdfminer.pdfpage: CropBox missing from /Page, defaulting to MediaBox
2025-06-09 21:52:44,837 | WARNING  | pdfminer.pdfpage: CropBox missing from /Page, defaulting to MediaBox
2025-06-09 21:52:44,838 | WARNING  | pdfminer.pdfpage: CropBox missing from /Page, defaulting to MediaBox
2025-06-09 21:52:45,564 | INFO     | sentence_transformers.SentenceTransformer: Use pytorch device_name: cpu
2025-06-09 21:52:45,564 | INFO     | sentence_transformers.SentenceTransformer: Load pretrained SentenceTransformer: sentence-transformers/all-MiniLM-L6-v2
2025-06-09 21:53:37,993 | INFO     | sentence_transformers.SentenceTransformer: Use pytorch device_name: cpu
2025-06-09 21:53:37,993 | INFO     | sentence_transformers.SentenceTransformer: Load pretrained SentenceTransformer: sentence-transformers/all-MiniLM-L6-v2
